<?xml version="1.0" encoding="UTF-8"?>
<!-- Generated by org.testng.reporters.JUnitReportReporter -->
<testsuite hostname="Chandan-PC" failures="0" tests="1" name="Basic.OrganizationTest" time="119.988" errors="0" timestamp="2024-03-16T17:00:54 IST" skipped="0">
  <testcase classname="Basic.OrganizationTest" name="CreateOrganizationsTest" time="119.988"/>
  <system-out/>
</testsuite> <!-- Basic.OrganizationTest -->
