<?xml version="1.0" encoding="UTF-8"?>
<!-- Generated by org.testng.reporters.JUnitReportReporter -->
<testsuite hostname="Chandan-PC" failures="0" tests="1" name="Basic.ContactTest" time="125.925" errors="0" timestamp="2024-03-16T17:40:55 IST" skipped="0">
  <testcase classname="Basic.ContactTest" name="CreateContactTest" time="125.925"/>
  <system-out/>
</testsuite> <!-- Basic.ContactTest -->
